<?xml version="1.0" encoding="UTF-8"?>
<!-- Generated by org.testng.reporters.JUnitXMLReporter -->
<testsuite ignored="6" hostname="SrivasuPrasad" failures="1" tests="4" name="Test" time="400.402" errors="0" timestamp="2022-06-24T13:31:47 IST">
  <testcase classname="com.vtiger.genericLib.BaseClass" name="@BeforeMethod loginToAppln" time="5.132">
    <failure type="org.openqa.selenium.NoSuchElementException" message="no such element: Unable to locate element: {&amp;quot;method&amp;quot;:&amp;quot;css selector&amp;quot;,&amp;quot;selector&amp;quot;:&amp;quot;*[name=&amp;apos;user_name&amp;apos;]&amp;quot;}
  (Session info: chrome=103.0.5060.53)
For documentation on this error, please visit: http://seleniumhq.org/exceptions/no_such_element.html
Build info: version: &amp;apos;3.141.5&amp;apos;, revision: &amp;apos;d54ebd709a&amp;apos;, time: &amp;apos;2018-11-06T11:42:16&amp;apos;
System info: host: &amp;apos;SRIVASUPRASAD&amp;apos;, ip: &amp;apos;192.168.80.1&amp;apos;, os.name: &amp;apos;Windows 8&amp;apos;, os.arch: &amp;apos;amd64&amp;apos;, os.version: &amp;apos;6.2&amp;apos;, java.version: &amp;apos;16.0.1&amp;apos;
Driver info: org.openqa.selenium.chrome.ChromeDriver
Capabilities {acceptInsecureCerts: false, browserName: chrome, browserVersion: 103.0.5060.53, chrome: {chromedriverVersion: 103.0.5060.53 (a1711811edd7..., userDataDir: C:\Users\Prasad\AppData\Loc...}, goog:chromeOptions: {debuggerAddress: localhost:52629}, javascriptEnabled: true, networkConnectionEnabled: false, pageLoadStrategy: normal, platform: WINDOWS, platformName: WINDOWS, proxy: Proxy(), setWindowRect: true, strictFileInteractability: false, timeouts: {implicit: 0, pageLoad: 300000, script: 30000}, unhandledPromptBehavior: dismiss and notify, webauthn:extension:credBlob: true, webauthn:extension:largeBlob: true, webauthn:virtualAuthenticators: true}
Session ID: 5f7545765691d93b153c36dbaaa2bde9
*** Element info: {Using=name, value=user_name}">
      <![CDATA[org.openqa.selenium.NoSuchElementException: no such element: Unable to locate element: {"method":"css selector","selector":"*[name='user_name']"}
  (Session info: chrome=103.0.5060.53)
For documentation on this error, please visit: http://seleniumhq.org/exceptions/no_such_element.html
Build info: version: '3.141.5', revision: 'd54ebd709a', time: '2018-11-06T11:42:16'
System info: host: 'SRIVASUPRASAD', ip: '192.168.80.1', os.name: 'Windows 8', os.arch: 'amd64', os.version: '6.2', java.version: '16.0.1'
Driver info: org.openqa.selenium.chrome.ChromeDriver
Capabilities {acceptInsecureCerts: false, browserName: chrome, browserVersion: 103.0.5060.53, chrome: {chromedriverVersion: 103.0.5060.53 (a1711811edd7..., userDataDir: C:\Users\Prasad\AppData\Loc...}, goog:chromeOptions: {debuggerAddress: localhost:52629}, javascriptEnabled: true, networkConnectionEnabled: false, pageLoadStrategy: normal, platform: WINDOWS, platformName: WINDOWS, proxy: Proxy(), setWindowRect: true, strictFileInteractability: false, timeouts: {implicit: 0, pageLoad: 300000, script: 30000}, unhandledPromptBehavior: dismiss and notify, webauthn:extension:credBlob: true, webauthn:extension:largeBlob: true, webauthn:virtualAuthenticators: true}
Session ID: 5f7545765691d93b153c36dbaaa2bde9
*** Element info: {Using=name, value=user_name}
at org.openqa.selenium.remote.http.W3CHttpResponseCodec.createException(W3CHttpResponseCodec.java:187)
at org.openqa.selenium.remote.http.W3CHttpResponseCodec.decode(W3CHttpResponseCodec.java:122)
at org.openqa.selenium.remote.http.W3CHttpResponseCodec.decode(W3CHttpResponseCodec.java:49)
at org.openqa.selenium.remote.HttpCommandExecutor.execute(HttpCommandExecutor.java:158)
at org.openqa.selenium.remote.service.DriverCommandExecutor.execute(DriverCommandExecutor.java:83)
at org.openqa.selenium.remote.RemoteWebDriver.execute(RemoteWebDriver.java:552)
at org.openqa.selenium.remote.RemoteWebDriver.findElement(RemoteWebDriver.java:323)
at org.openqa.selenium.remote.RemoteWebDriver.findElementByName(RemoteWebDriver.java:404)
at org.openqa.selenium.By$ByName.findElement(By.java:284)
at org.openqa.selenium.remote.RemoteWebDriver.findElement(RemoteWebDriver.java:315)
at org.openqa.selenium.support.pagefactory.DefaultElementLocator.findElement(DefaultElementLocator.java:69)
at org.openqa.selenium.support.pagefactory.internal.LocatingElementHandler.invoke(LocatingElementHandler.java:38)
at jdk.proxy2/jdk.proxy2.$Proxy18.sendKeys(Unknown Source)
at com.objectRepository.LoginPage.loginToAppln(LoginPage.java:40)
at com.vtiger.genericLib.BaseClass.loginToAppln(BaseClass.java:80)
at java.base/java.util.concurrent.ThreadPoolExecutor.runWorker(ThreadPoolExecutor.java:1130)
at java.base/java.util.concurrent.ThreadPoolExecutor$Worker.run(ThreadPoolExecutor.java:630)
at java.base/java.lang.Thread.run(Thread.java:831)
... Removed 21 stack frames]]>
    </failure>
  </testcase> <!-- @BeforeMethod loginToAppln -->
  <testcase classname="com.vtiger.genericLib.BaseClass" name="@AfterMethod logOut" time="-1.656057340847E9">
    <skipped/>
  </testcase> <!-- @AfterMethod logOut -->
  <testcase classname="com.vtiger.genericLib.BaseClass" name="@AfterClass closeTheBrowser" time="-1.65605734085E9">
    <skipped/>
  </testcase> <!-- @AfterClass closeTheBrowser -->
  <testcase classname="com.crm.vtiger.organization.CreateNewOrganizationTest" name="createNewOrg" time="0.0">
    <skipped/>
  </testcase> <!-- createNewOrg -->
  <testcase classname="com.crm.vtiger.contacts.CreateNewContactWithOrganizationNameTest" name="createContactwithOrg" time="186.254"/>
  <testcase classname="com.crm.vtiger.contacts.CreateNewContactWithLeadTypeTest" name="createNewContactwithLeadTypTest" time="218.384"/>
  <testcase classname="com.crm.vtiger.contacts.CreateNewContactsTest" name="createContactTest" time="221.911">
    <failure type="org.testng.internal.thread.ThreadTimeoutException" message="Method com.crm.vtiger.contacts.CreateNewContactsTest.createContactTest() didn&amp;apos;t finish within the time-out 5000">
      <![CDATA[org.testng.internal.thread.ThreadTimeoutException: Method com.crm.vtiger.contacts.CreateNewContactsTest.createContactTest() didn't finish within the time-out 5000
at java.base/java.util.concurrent.ThreadPoolExecutor.runWorker(ThreadPoolExecutor.java:1130)
at java.base/java.util.concurrent.ThreadPoolExecutor$Worker.run(ThreadPoolExecutor.java:630)
at java.base/java.lang.Thread.run(Thread.java:831)
... Removed 9 stack frames]]>
    </failure>
  </testcase> <!-- createContactTest -->
  <testcase classname="com.vtiger.genericLib.BaseClass" name="@AfterSuite closeDbConfig" time="0.0">
    <ignored/>
  </testcase> <!-- @AfterSuite closeDbConfig -->
  <testcase classname="com.vtiger.genericLib.BaseClass" name="@AfterSuite closeDbConfig" time="0.0">
    <ignored/>
  </testcase> <!-- @AfterSuite closeDbConfig -->
  <testcase classname="com.vtiger.genericLib.BaseClass" name="@AfterSuite closeDbConfig" time="0.0">
    <ignored/>
  </testcase> <!-- @AfterSuite closeDbConfig -->
  <testcase classname="com.vtiger.genericLib.BaseClass" name="@BeforeTest dbConfig" time="0.0">
    <ignored/>
  </testcase> <!-- @BeforeTest dbConfig -->
  <testcase classname="com.vtiger.genericLib.BaseClass" name="@BeforeTest dbConfig" time="0.0">
    <ignored/>
  </testcase> <!-- @BeforeTest dbConfig -->
  <testcase classname="com.vtiger.genericLib.BaseClass" name="@BeforeTest dbConfig" time="0.0">
    <ignored/>
  </testcase> <!-- @BeforeTest dbConfig -->
</testsuite> <!-- Test -->
