<?xml version="1.0" encoding="UTF-8"?>
<testng-results ignored="6" total="10" passed="2" failed="1" skipped="1">
  <reporter-output>
    <line>
      <![CDATA[Test  test is startes]]>
    </line>
    <line>
      <![CDATA[db is connected]]>
    </line>
    <line>
      <![CDATA[createNewOrg method is satrted ]]>
    </line>
    <line>
      <![CDATA[createNewOrg method is skipped]]>
    </line>
    <line>
      <![CDATA[createNewContactwithLeadTypTest method is satrted ]]>
    </line>
    <line>
      <![CDATA[createContactTest method is satrted ]]>
    </line>
    <line>
      <![CDATA[createContactwithOrg method is satrted ]]>
    </line>
    <line>
      <![CDATA[createContactwithOrg method is passed ]]>
    </line>
    <line>
      <![CDATA[createNewContactwithLeadTypTest method is passed ]]>
    </line>
    <line>
      <![CDATA[Test test is finished]]>
    </line>
    <line>
      <![CDATA[db is closed]]>
    </line>
  </reporter-output>
  <suite started-at="2022-06-24T13:25:00 IST" name="Suite" finished-at="2022-06-24T13:31:40 IST" duration-ms="400402">
    <groups>
      <group name="regressionTest">
        <method signature="CreateNewContactWithLeadTypeTest.createNewContactwithLeadTypTest()[pri:0, instance:com.crm.vtiger.contacts.CreateNewContactWithLeadTypeTest@f736069]" name="createNewContactwithLeadTypTest" class="com.crm.vtiger.contacts.CreateNewContactWithLeadTypeTest"/>
      </group> <!-- regressionTest -->
      <group name="smokeTest">
        <method signature="CreateNewOrganizationTest.createNewOrg()[pri:0, instance:com.crm.vtiger.organization.CreateNewOrganizationTest@47faa49c]" name="createNewOrg" class="com.crm.vtiger.organization.CreateNewOrganizationTest"/>
      </group> <!-- smokeTest -->
    </groups>
    <test started-at="2022-06-24T13:25:00 IST" name="Test" finished-at="2022-06-24T13:31:40 IST" duration-ms="400402">
      <class name="com.crm.vtiger.organization.CreateNewOrganizationTest">
        <test-method is-config="true" signature="launchBrowser()[pri:0, instance:com.crm.vtiger.organization.CreateNewOrganizationTest@47faa49c]" started-at="2022-06-24T13:25:00 IST" name="launchBrowser" finished-at="2022-06-24T13:25:34 IST" duration-ms="33743" status="PASS">
          <reporter-output>
          </reporter-output>
        </test-method> <!-- launchBrowser -->
        <test-method is-config="true" signature="loginToAppln()[pri:0, instance:com.crm.vtiger.organization.CreateNewOrganizationTest@47faa49c]" started-at="2022-06-24T13:25:34 IST" name="loginToAppln" finished-at="2022-06-24T13:25:40 IST" duration-ms="5132" status="FAIL">
          <exception class="org.openqa.selenium.NoSuchElementException">
            <message>
              <![CDATA[no such element: Unable to locate element: {"method":"css selector","selector":"*[name='user_name']"}
  (Session info: chrome=103.0.5060.53)
For documentation on this error, please visit: http://seleniumhq.org/exceptions/no_such_element.html
Build info: version: '3.141.5', revision: 'd54ebd709a', time: '2018-11-06T11:42:16'
System info: host: 'SRIVASUPRASAD', ip: '192.168.80.1', os.name: 'Windows 8', os.arch: 'amd64', os.version: '6.2', java.version: '16.0.1'
Driver info: org.openqa.selenium.chrome.ChromeDriver
Capabilities {acceptInsecureCerts: false, browserName: chrome, browserVersion: 103.0.5060.53, chrome: {chromedriverVersion: 103.0.5060.53 (a1711811edd7..., userDataDir: C:\Users\Prasad\AppData\Loc...}, goog:chromeOptions: {debuggerAddress: localhost:52629}, javascriptEnabled: true, networkConnectionEnabled: false, pageLoadStrategy: normal, platform: WINDOWS, platformName: WINDOWS, proxy: Proxy(), setWindowRect: true, strictFileInteractability: false, timeouts: {implicit: 0, pageLoad: 300000, script: 30000}, unhandledPromptBehavior: dismiss and notify, webauthn:extension:credBlob: true, webauthn:extension:largeBlob: true, webauthn:virtualAuthenticators: true}
Session ID: 5f7545765691d93b153c36dbaaa2bde9
*** Element info: {Using=name, value=user_name}]]>
            </message>
            <full-stacktrace>
              <![CDATA[org.openqa.selenium.NoSuchElementException: no such element: Unable to locate element: {"method":"css selector","selector":"*[name='user_name']"}
  (Session info: chrome=103.0.5060.53)
For documentation on this error, please visit: http://seleniumhq.org/exceptions/no_such_element.html
Build info: version: '3.141.5', revision: 'd54ebd709a', time: '2018-11-06T11:42:16'
System info: host: 'SRIVASUPRASAD', ip: '192.168.80.1', os.name: 'Windows 8', os.arch: 'amd64', os.version: '6.2', java.version: '16.0.1'
Driver info: org.openqa.selenium.chrome.ChromeDriver
Capabilities {acceptInsecureCerts: false, browserName: chrome, browserVersion: 103.0.5060.53, chrome: {chromedriverVersion: 103.0.5060.53 (a1711811edd7..., userDataDir: C:\Users\Prasad\AppData\Loc...}, goog:chromeOptions: {debuggerAddress: localhost:52629}, javascriptEnabled: true, networkConnectionEnabled: false, pageLoadStrategy: normal, platform: WINDOWS, platformName: WINDOWS, proxy: Proxy(), setWindowRect: true, strictFileInteractability: false, timeouts: {implicit: 0, pageLoad: 300000, script: 30000}, unhandledPromptBehavior: dismiss and notify, webauthn:extension:credBlob: true, webauthn:extension:largeBlob: true, webauthn:virtualAuthenticators: true}
Session ID: 5f7545765691d93b153c36dbaaa2bde9
*** Element info: {Using=name, value=user_name}
at java.base/jdk.internal.reflect.NativeConstructorAccessorImpl.newInstance0(Native Method)
at java.base/jdk.internal.reflect.NativeConstructorAccessorImpl.newInstance(NativeConstructorAccessorImpl.java:78)
at java.base/jdk.internal.reflect.DelegatingConstructorAccessorImpl.newInstance(DelegatingConstructorAccessorImpl.java:45)
at java.base/java.lang.reflect.Constructor.newInstanceWithCaller(Constructor.java:499)
at java.base/java.lang.reflect.Constructor.newInstance(Constructor.java:480)
at org.openqa.selenium.remote.http.W3CHttpResponseCodec.createException(W3CHttpResponseCodec.java:187)
at org.openqa.selenium.remote.http.W3CHttpResponseCodec.decode(W3CHttpResponseCodec.java:122)
at org.openqa.selenium.remote.http.W3CHttpResponseCodec.decode(W3CHttpResponseCodec.java:49)
at org.openqa.selenium.remote.HttpCommandExecutor.execute(HttpCommandExecutor.java:158)
at org.openqa.selenium.remote.service.DriverCommandExecutor.execute(DriverCommandExecutor.java:83)
at org.openqa.selenium.remote.RemoteWebDriver.execute(RemoteWebDriver.java:552)
at org.openqa.selenium.remote.RemoteWebDriver.findElement(RemoteWebDriver.java:323)
at org.openqa.selenium.remote.RemoteWebDriver.findElementByName(RemoteWebDriver.java:404)
at org.openqa.selenium.By$ByName.findElement(By.java:284)
at org.openqa.selenium.remote.RemoteWebDriver.findElement(RemoteWebDriver.java:315)
at org.openqa.selenium.support.pagefactory.DefaultElementLocator.findElement(DefaultElementLocator.java:69)
at org.openqa.selenium.support.pagefactory.internal.LocatingElementHandler.invoke(LocatingElementHandler.java:38)
at jdk.proxy2/jdk.proxy2.$Proxy18.sendKeys(Unknown Source)
at com.objectRepository.LoginPage.loginToAppln(LoginPage.java:40)
at com.vtiger.genericLib.BaseClass.loginToAppln(BaseClass.java:80)
at java.base/jdk.internal.reflect.NativeMethodAccessorImpl.invoke0(Native Method)
at java.base/jdk.internal.reflect.NativeMethodAccessorImpl.invoke(NativeMethodAccessorImpl.java:78)
at java.base/jdk.internal.reflect.DelegatingMethodAccessorImpl.invoke(DelegatingMethodAccessorImpl.java:43)
at java.base/java.lang.reflect.Method.invoke(Method.java:567)
at org.testng.internal.MethodInvocationHelper.invokeMethod(MethodInvocationHelper.java:133)
at org.testng.internal.MethodInvocationHelper.invokeMethodConsideringTimeout(MethodInvocationHelper.java:62)
at org.testng.internal.ConfigInvoker.invokeConfigurationMethod(ConfigInvoker.java:385)
at org.testng.internal.ConfigInvoker.invokeConfigurations(ConfigInvoker.java:321)
at org.testng.internal.TestInvoker.runConfigMethods(TestInvoker.java:700)
at org.testng.internal.TestInvoker.invokeMethod(TestInvoker.java:527)
at org.testng.internal.TestInvoker.invokeTestMethod(TestInvoker.java:173)
at org.testng.internal.MethodRunner.runInSequence(MethodRunner.java:46)
at org.testng.internal.TestInvoker$MethodInvocationAgent.invoke(TestInvoker.java:824)
at org.testng.internal.TestInvoker.invokeTestMethods(TestInvoker.java:146)
at org.testng.internal.TestMethodWorker.invokeTestMethods(TestMethodWorker.java:146)
at org.testng.internal.TestMethodWorker.run(TestMethodWorker.java:128)
at java.base/java.util.concurrent.ThreadPoolExecutor.runWorker(ThreadPoolExecutor.java:1130)
at java.base/java.util.concurrent.ThreadPoolExecutor$Worker.run(ThreadPoolExecutor.java:630)
at java.base/java.lang.Thread.run(Thread.java:831)
]]>
            </full-stacktrace>
          </exception> <!-- org.openqa.selenium.NoSuchElementException -->
          <reporter-output>
          </reporter-output>
        </test-method> <!-- loginToAppln -->
        <test-method signature="createNewOrg()[pri:0, instance:com.crm.vtiger.organization.CreateNewOrganizationTest@47faa49c]" started-at="2022-06-24T13:25:40 IST" name="createNewOrg" finished-at="2022-06-24T13:25:40 IST" duration-ms="0" status="SKIP">
          <exception class="org.openqa.selenium.NoSuchElementException">
            <message>
              <![CDATA[no such element: Unable to locate element: {"method":"css selector","selector":"*[name='user_name']"}
  (Session info: chrome=103.0.5060.53)
For documentation on this error, please visit: http://seleniumhq.org/exceptions/no_such_element.html
Build info: version: '3.141.5', revision: 'd54ebd709a', time: '2018-11-06T11:42:16'
System info: host: 'SRIVASUPRASAD', ip: '192.168.80.1', os.name: 'Windows 8', os.arch: 'amd64', os.version: '6.2', java.version: '16.0.1'
Driver info: org.openqa.selenium.chrome.ChromeDriver
Capabilities {acceptInsecureCerts: false, browserName: chrome, browserVersion: 103.0.5060.53, chrome: {chromedriverVersion: 103.0.5060.53 (a1711811edd7..., userDataDir: C:\Users\Prasad\AppData\Loc...}, goog:chromeOptions: {debuggerAddress: localhost:52629}, javascriptEnabled: true, networkConnectionEnabled: false, pageLoadStrategy: normal, platform: WINDOWS, platformName: WINDOWS, proxy: Proxy(), setWindowRect: true, strictFileInteractability: false, timeouts: {implicit: 0, pageLoad: 300000, script: 30000}, unhandledPromptBehavior: dismiss and notify, webauthn:extension:credBlob: true, webauthn:extension:largeBlob: true, webauthn:virtualAuthenticators: true}
Session ID: 5f7545765691d93b153c36dbaaa2bde9
*** Element info: {Using=name, value=user_name}]]>
            </message>
            <full-stacktrace>
              <![CDATA[org.openqa.selenium.NoSuchElementException: no such element: Unable to locate element: {"method":"css selector","selector":"*[name='user_name']"}
  (Session info: chrome=103.0.5060.53)
For documentation on this error, please visit: http://seleniumhq.org/exceptions/no_such_element.html
Build info: version: '3.141.5', revision: 'd54ebd709a', time: '2018-11-06T11:42:16'
System info: host: 'SRIVASUPRASAD', ip: '192.168.80.1', os.name: 'Windows 8', os.arch: 'amd64', os.version: '6.2', java.version: '16.0.1'
Driver info: org.openqa.selenium.chrome.ChromeDriver
Capabilities {acceptInsecureCerts: false, browserName: chrome, browserVersion: 103.0.5060.53, chrome: {chromedriverVersion: 103.0.5060.53 (a1711811edd7..., userDataDir: C:\Users\Prasad\AppData\Loc...}, goog:chromeOptions: {debuggerAddress: localhost:52629}, javascriptEnabled: true, networkConnectionEnabled: false, pageLoadStrategy: normal, platform: WINDOWS, platformName: WINDOWS, proxy: Proxy(), setWindowRect: true, strictFileInteractability: false, timeouts: {implicit: 0, pageLoad: 300000, script: 30000}, unhandledPromptBehavior: dismiss and notify, webauthn:extension:credBlob: true, webauthn:extension:largeBlob: true, webauthn:virtualAuthenticators: true}
Session ID: 5f7545765691d93b153c36dbaaa2bde9
*** Element info: {Using=name, value=user_name}
at java.base/jdk.internal.reflect.NativeConstructorAccessorImpl.newInstance0(Native Method)
at java.base/jdk.internal.reflect.NativeConstructorAccessorImpl.newInstance(NativeConstructorAccessorImpl.java:78)
at java.base/jdk.internal.reflect.DelegatingConstructorAccessorImpl.newInstance(DelegatingConstructorAccessorImpl.java:45)
at java.base/java.lang.reflect.Constructor.newInstanceWithCaller(Constructor.java:499)
at java.base/java.lang.reflect.Constructor.newInstance(Constructor.java:480)
at org.openqa.selenium.remote.http.W3CHttpResponseCodec.createException(W3CHttpResponseCodec.java:187)
at org.openqa.selenium.remote.http.W3CHttpResponseCodec.decode(W3CHttpResponseCodec.java:122)
at org.openqa.selenium.remote.http.W3CHttpResponseCodec.decode(W3CHttpResponseCodec.java:49)
at org.openqa.selenium.remote.HttpCommandExecutor.execute(HttpCommandExecutor.java:158)
at org.openqa.selenium.remote.service.DriverCommandExecutor.execute(DriverCommandExecutor.java:83)
at org.openqa.selenium.remote.RemoteWebDriver.execute(RemoteWebDriver.java:552)
at org.openqa.selenium.remote.RemoteWebDriver.findElement(RemoteWebDriver.java:323)
at org.openqa.selenium.remote.RemoteWebDriver.findElementByName(RemoteWebDriver.java:404)
at org.openqa.selenium.By$ByName.findElement(By.java:284)
at org.openqa.selenium.remote.RemoteWebDriver.findElement(RemoteWebDriver.java:315)
at org.openqa.selenium.support.pagefactory.DefaultElementLocator.findElement(DefaultElementLocator.java:69)
at org.openqa.selenium.support.pagefactory.internal.LocatingElementHandler.invoke(LocatingElementHandler.java:38)
at jdk.proxy2/jdk.proxy2.$Proxy18.sendKeys(Unknown Source)
at com.objectRepository.LoginPage.loginToAppln(LoginPage.java:40)
at com.vtiger.genericLib.BaseClass.loginToAppln(BaseClass.java:80)
at java.base/jdk.internal.reflect.NativeMethodAccessorImpl.invoke0(Native Method)
at java.base/jdk.internal.reflect.NativeMethodAccessorImpl.invoke(NativeMethodAccessorImpl.java:78)
at java.base/jdk.internal.reflect.DelegatingMethodAccessorImpl.invoke(DelegatingMethodAccessorImpl.java:43)
at java.base/java.lang.reflect.Method.invoke(Method.java:567)
at org.testng.internal.MethodInvocationHelper.invokeMethod(MethodInvocationHelper.java:133)
at org.testng.internal.MethodInvocationHelper.invokeMethodConsideringTimeout(MethodInvocationHelper.java:62)
at org.testng.internal.ConfigInvoker.invokeConfigurationMethod(ConfigInvoker.java:385)
at org.testng.internal.ConfigInvoker.invokeConfigurations(ConfigInvoker.java:321)
at org.testng.internal.TestInvoker.runConfigMethods(TestInvoker.java:700)
at org.testng.internal.TestInvoker.invokeMethod(TestInvoker.java:527)
at org.testng.internal.TestInvoker.invokeTestMethod(TestInvoker.java:173)
at org.testng.internal.MethodRunner.runInSequence(MethodRunner.java:46)
at org.testng.internal.TestInvoker$MethodInvocationAgent.invoke(TestInvoker.java:824)
at org.testng.internal.TestInvoker.invokeTestMethods(TestInvoker.java:146)
at org.testng.internal.TestMethodWorker.invokeTestMethods(TestMethodWorker.java:146)
at org.testng.internal.TestMethodWorker.run(TestMethodWorker.java:128)
at java.base/java.util.concurrent.ThreadPoolExecutor.runWorker(ThreadPoolExecutor.java:1130)
at java.base/java.util.concurrent.ThreadPoolExecutor$Worker.run(ThreadPoolExecutor.java:630)
at java.base/java.lang.Thread.run(Thread.java:831)
]]>
            </full-stacktrace>
          </exception> <!-- org.openqa.selenium.NoSuchElementException -->
          <reporter-output>
            <line>
              <![CDATA[createNewOrg method is skipped]]>
            </line>
          </reporter-output>
        </test-method> <!-- createNewOrg -->
        <test-method is-config="true" signature="logOut()[pri:0, instance:com.crm.vtiger.organization.CreateNewOrganizationTest@47faa49c]" started-at="2022-06-24T13:25:40 IST" name="logOut" finished-at="1970-01-01T05:30:00 IST" duration-ms="-1656057340847" status="SKIP">
          <reporter-output>
          </reporter-output>
        </test-method> <!-- logOut -->
        <test-method is-config="true" signature="closeTheBrowser()[pri:0, instance:com.crm.vtiger.organization.CreateNewOrganizationTest@47faa49c]" started-at="2022-06-24T13:25:40 IST" name="closeTheBrowser" finished-at="1970-01-01T05:30:00 IST" duration-ms="-1656057340850" status="SKIP">
          <reporter-output>
          </reporter-output>
        </test-method> <!-- closeTheBrowser -->
      </class> <!-- com.crm.vtiger.organization.CreateNewOrganizationTest -->
      <class name="com.crm.vtiger.contacts.CreateNewContactsTest">
        <test-method is-config="true" signature="dbConfig()[pri:0, instance:com.crm.vtiger.contacts.CreateNewContactsTest@383bfa16]" started-at="2022-06-24T13:25:00 IST" name="dbConfig" finished-at="2022-06-24T13:25:00 IST" duration-ms="10" status="PASS">
          <reporter-output>
            <line>
              <![CDATA[db is connected]]>
            </line>
          </reporter-output>
        </test-method> <!-- dbConfig -->
        <test-method is-config="true" signature="launchBrowser()[pri:0, instance:com.crm.vtiger.contacts.CreateNewContactsTest@383bfa16]" started-at="2022-06-24T13:25:00 IST" name="launchBrowser" finished-at="2022-06-24T13:25:35 IST" duration-ms="34398" status="PASS">
          <reporter-output>
          </reporter-output>
        </test-method> <!-- launchBrowser -->
        <test-method is-config="true" signature="loginToAppln()[pri:0, instance:com.crm.vtiger.contacts.CreateNewContactsTest@383bfa16]" started-at="2022-06-24T13:25:35 IST" name="loginToAppln" finished-at="2022-06-24T13:26:52 IST" duration-ms="77215" status="PASS">
          <reporter-output>
          </reporter-output>
        </test-method> <!-- loginToAppln -->
        <test-method signature="createContactTest()[pri:0, instance:com.crm.vtiger.contacts.CreateNewContactsTest@383bfa16]" started-at="2022-06-24T13:26:52 IST" name="createContactTest" finished-at="2022-06-24T13:30:34 IST" duration-ms="221911" status="FAIL">
          <exception class="org.testng.internal.thread.ThreadTimeoutException">
            <message>
              <![CDATA[Method com.crm.vtiger.contacts.CreateNewContactsTest.createContactTest() didn't finish within the time-out 5000]]>
            </message>
            <full-stacktrace>
              <![CDATA[org.testng.internal.thread.ThreadTimeoutException: Method com.crm.vtiger.contacts.CreateNewContactsTest.createContactTest() didn't finish within the time-out 5000
at org.testng.internal.MethodInvocationHelper.invokeWithTimeoutWithNoExecutor(MethodInvocationHelper.java:330)
at org.testng.internal.MethodInvocationHelper.invokeWithTimeout(MethodInvocationHelper.java:281)
at org.testng.internal.TestInvoker.invokeMethod(TestInvoker.java:604)
at org.testng.internal.TestInvoker.invokeTestMethod(TestInvoker.java:173)
at org.testng.internal.MethodRunner.runInSequence(MethodRunner.java:46)
at org.testng.internal.TestInvoker$MethodInvocationAgent.invoke(TestInvoker.java:824)
at org.testng.internal.TestInvoker.invokeTestMethods(TestInvoker.java:146)
at org.testng.internal.TestMethodWorker.invokeTestMethods(TestMethodWorker.java:146)
at org.testng.internal.TestMethodWorker.run(TestMethodWorker.java:128)
at java.base/java.util.concurrent.ThreadPoolExecutor.runWorker(ThreadPoolExecutor.java:1130)
at java.base/java.util.concurrent.ThreadPoolExecutor$Worker.run(ThreadPoolExecutor.java:630)
at java.base/java.lang.Thread.run(Thread.java:831)
]]>
            </full-stacktrace>
          </exception> <!-- org.testng.internal.thread.ThreadTimeoutException -->
          <reporter-output>
            <line>
              <![CDATA[createContactTest method is satrted ]]>
            </line>
          </reporter-output>
        </test-method> <!-- createContactTest -->
        <test-method is-config="true" signature="logOut()[pri:0, instance:com.crm.vtiger.contacts.CreateNewContactsTest@383bfa16]" started-at="2022-06-24T13:30:55 IST" name="logOut" finished-at="2022-06-24T13:30:59 IST" duration-ms="3866" status="PASS">
          <reporter-output>
          </reporter-output>
        </test-method> <!-- logOut -->
        <test-method is-config="true" signature="closeTheBrowser()[pri:0, instance:com.crm.vtiger.contacts.CreateNewContactsTest@383bfa16]" started-at="2022-06-24T13:30:59 IST" name="closeTheBrowser" finished-at="2022-06-24T13:31:24 IST" duration-ms="24870" status="PASS">
          <reporter-output>
          </reporter-output>
        </test-method> <!-- closeTheBrowser -->
        <test-method is-config="true" signature="closeDbConfig()[pri:0, instance:com.crm.vtiger.contacts.CreateNewContactsTest@383bfa16]" started-at="2022-06-24T13:31:48 IST" name="closeDbConfig" finished-at="2022-06-24T13:31:48 IST" duration-ms="0" status="PASS">
          <reporter-output>
            <line>
              <![CDATA[db is closed]]>
            </line>
          </reporter-output>
        </test-method> <!-- closeDbConfig -->
      </class> <!-- com.crm.vtiger.contacts.CreateNewContactsTest -->
      <class name="com.crm.vtiger.contacts.CreateNewContactWithLeadTypeTest">
        <test-method is-config="true" signature="launchBrowser()[pri:0, instance:com.crm.vtiger.contacts.CreateNewContactWithLeadTypeTest@f736069]" started-at="2022-06-24T13:25:00 IST" name="launchBrowser" finished-at="2022-06-24T13:25:59 IST" duration-ms="58851" status="PASS">
          <reporter-output>
          </reporter-output>
        </test-method> <!-- launchBrowser -->
        <test-method is-config="true" signature="loginToAppln()[pri:0, instance:com.crm.vtiger.contacts.CreateNewContactWithLeadTypeTest@f736069]" started-at="2022-06-24T13:25:59 IST" name="loginToAppln" finished-at="2022-06-24T13:26:49 IST" duration-ms="50044" status="PASS">
          <reporter-output>
          </reporter-output>
        </test-method> <!-- loginToAppln -->
        <test-method signature="createNewContactwithLeadTypTest()[pri:0, instance:com.crm.vtiger.contacts.CreateNewContactWithLeadTypeTest@f736069]" started-at="2022-06-24T13:26:49 IST" name="createNewContactwithLeadTypTest" finished-at="2022-06-24T13:30:28 IST" duration-ms="218384" status="PASS">
          <reporter-output>
            <line>
              <![CDATA[createNewContactwithLeadTypTest method is satrted ]]>
            </line>
            <line>
              <![CDATA[createNewContactwithLeadTypTest method is passed ]]>
            </line>
          </reporter-output>
        </test-method> <!-- createNewContactwithLeadTypTest -->
        <test-method is-config="true" signature="logOut()[pri:0, instance:com.crm.vtiger.contacts.CreateNewContactWithLeadTypeTest@f736069]" started-at="2022-06-24T13:30:28 IST" name="logOut" finished-at="2022-06-24T13:30:51 IST" duration-ms="22955" status="PASS">
          <reporter-output>
          </reporter-output>
        </test-method> <!-- logOut -->
        <test-method is-config="true" signature="closeTheBrowser()[pri:0, instance:com.crm.vtiger.contacts.CreateNewContactWithLeadTypeTest@f736069]" started-at="2022-06-24T13:30:51 IST" name="closeTheBrowser" finished-at="2022-06-24T13:31:40 IST" duration-ms="49634" status="PASS">
          <reporter-output>
          </reporter-output>
        </test-method> <!-- closeTheBrowser -->
      </class> <!-- com.crm.vtiger.contacts.CreateNewContactWithLeadTypeTest -->
      <class name="com.crm.vtiger.contacts.CreateNewContactWithOrganizationNameTest">
        <test-method is-config="true" signature="launchBrowser()[pri:0, instance:com.crm.vtiger.contacts.CreateNewContactWithOrganizationNameTest@6da21078]" started-at="2022-06-24T13:25:00 IST" name="launchBrowser" finished-at="2022-06-24T13:25:55 IST" duration-ms="54869" status="PASS">
          <reporter-output>
          </reporter-output>
        </test-method> <!-- launchBrowser -->
        <test-method is-config="true" signature="loginToAppln()[pri:0, instance:com.crm.vtiger.contacts.CreateNewContactWithOrganizationNameTest@6da21078]" started-at="2022-06-24T13:25:55 IST" name="loginToAppln" finished-at="2022-06-24T13:26:54 IST" duration-ms="58388" status="PASS">
          <reporter-output>
          </reporter-output>
        </test-method> <!-- loginToAppln -->
        <test-method signature="createContactwithOrg()[pri:0, instance:com.crm.vtiger.contacts.CreateNewContactWithOrganizationNameTest@6da21078]" started-at="2022-06-24T13:26:54 IST" name="createContactwithOrg" finished-at="2022-06-24T13:30:00 IST" duration-ms="186254" status="PASS">
          <reporter-output>
            <line>
              <![CDATA[createContactwithOrg method is satrted ]]>
            </line>
            <line>
              <![CDATA[createContactwithOrg method is passed ]]>
            </line>
          </reporter-output>
        </test-method> <!-- createContactwithOrg -->
        <test-method is-config="true" signature="logOut()[pri:0, instance:com.crm.vtiger.contacts.CreateNewContactWithOrganizationNameTest@6da21078]" started-at="2022-06-24T13:30:01 IST" name="logOut" finished-at="2022-06-24T13:30:24 IST" duration-ms="23318" status="PASS">
          <reporter-output>
          </reporter-output>
        </test-method> <!-- logOut -->
        <test-method is-config="true" signature="closeTheBrowser()[pri:0, instance:com.crm.vtiger.contacts.CreateNewContactWithOrganizationNameTest@6da21078]" started-at="2022-06-24T13:30:24 IST" name="closeTheBrowser" finished-at="2022-06-24T13:31:06 IST" duration-ms="41980" status="PASS">
          <reporter-output>
          </reporter-output>
        </test-method> <!-- closeTheBrowser -->
      </class> <!-- com.crm.vtiger.contacts.CreateNewContactWithOrganizationNameTest -->
    </test> <!-- Test -->
  </suite> <!-- Suite -->
</testng-results>
